2025-09-23 17:18:35,282	ERROR	pyModSlave._load_params	MainThread	Parameters file does not exist
2025-09-23 17:19:31,044	ERROR	ModFactory.ModSvrFactory	MainThread	Error while building RTU Server : [Errno 2] could not open port /dev/ttyACM01: [Errno 2] No such file or directory: '/dev/ttyACM01'
2025-09-23 17:19:31,045	ERROR	pyModSlave._start_stop	MainThread	Fail to start server
2025-09-23 17:19:36,562	ERROR	pyModSlave._load_params	MainThread	Parameters file does not exist
2025-09-23 17:19:45,435	ERROR	ModFactory.ModSvrFactory	MainThread	Error while building RTU Server : [Errno 13] could not open port /dev/ttyS1: [Errno 13] Permission denied: '/dev/ttyS1'
2025-09-23 17:19:45,435	ERROR	pyModSlave._start_stop	MainThread	Fail to start server
2025-09-23 17:19:47,132	ERROR	pyModSlave._load_params	MainThread	Parameters file does not exist
2025-09-23 17:20:04,012	ERROR	ModFactory.ModSvrFactory	MainThread	Error while building RTU Server : [Errno 2] could not open port /dev/ttyUSB1: [Errno 2] No such file or directory: '/dev/ttyUSB1'
2025-09-23 17:20:04,012	ERROR	pyModSlave._start_stop	MainThread	Fail to start server
2025-09-23 17:20:06,323	ERROR	pyModSlave._load_params	MainThread	Parameters file does not exist
2025-09-23 17:27:35,260	ERROR	modbus._run_server	Thread-1	server error: [Errno 13] Permission denied
2025-09-23 19:38:38,146	ERROR	pyModSlave._load_params	MainThread	Parameters file does not exist
2025-09-23 19:39:03,205	ERROR	modbus._run_server	Thread-1	server error: [Errno 13] Permission denied
2025-09-23 19:41:58,404	ERROR	pyModSlave._load_params	MainThread	Parameters file does not exist
2025-09-23 20:07:26,832	ERROR	ModSlaveSettingsTCP._OK_pressed	MainThread	Wrong IP address
2025-09-23 20:07:43,964	ERROR	pyModSlave._load_params	MainThread	Parameters file does not exist
2025-09-23 20:15:17,562	ERROR	pyModSlave._load_params	MainThread	Parameters file does not exist
2025-09-23 20:15:44,359	ERROR	pyModSlave._load_params	MainThread	Parameters file does not exist
2025-09-23 20:15:57,027	ERROR	ModFactory.ModSvrFactory	MainThread	Error while building RTU Server : Could not configure port: (5, 'Input/output error')
2025-09-23 20:15:57,027	ERROR	pyModSlave._start_stop	MainThread	Fail to start server
2025-09-23 20:16:00,425	ERROR	pyModSlave._load_params	MainThread	Parameters file does not exist
2025-09-23 20:16:05,484	ERROR	ModFactory.ModSvrFactory	MainThread	Error while building RTU Server : Could not configure port: (5, 'Input/output error')
2025-09-23 20:16:05,484	ERROR	pyModSlave._start_stop	MainThread	Fail to start server
2025-09-23 20:16:07,658	ERROR	pyModSlave._load_params	MainThread	Parameters file does not exist
2025-09-23 20:16:25,491	ERROR	pyModSlave._load_params	MainThread	Parameters file does not exist
